\BOOKMARK [1][-]{section.1}{\376\377\0001\000\040\000z\000l\000i\000b\000/\000l\000i\000b\000p\000n\000g\000\040\000L\000i\000c\000e\000n\000s\000e}{}% 1
\BOOKMARK [1][-]{section.2}{\376\377\0002\000\040\000W\000h\000a\000t\000\040\000i\000s\000\040\000E\000m\000b\000r\000o\000i\000d\000e\000r\000m\000o\000d\000d\000e\000r\000?}{}% 2
\BOOKMARK [2][-]{subsection.2.1}{\376\377\0002\000.\0001\000\040\000D\000e\000p\000e\000n\000d\000e\000n\000c\000i\000e\000s}{section.2}% 3
\BOOKMARK [3][-]{subsubsection.2.1.1}{\376\377\0002\000.\0001\000.\0001\000\040\000I\000n\000c\000l\000u\000d\000e\000d}{subsection.2.1}% 4
\BOOKMARK [2][-]{subsection.2.2}{\376\377\0002\000.\0002\000\040\000B\000u\000i\000l\000d\000i\000n\000g}{section.2}% 5
\BOOKMARK [3][-]{subsubsection.2.2.1}{\376\377\0002\000.\0002\000.\0001\000\040\000B\000u\000i\000l\000d\000i\000n\000g\000\040\000W\000i\000t\000h\000o\000u\000t\000\040\000B\000a\000s\000h}{subsection.2.2}% 6
\BOOKMARK [3][-]{subsubsection.2.2.2}{\376\377\0002\000.\0002\000.\0002\000\040\000B\000u\000i\000l\000d\000i\000n\000g\000\040\000W\000i\000t\000h\000o\000u\000t\000\040\000C\000m\000a\000k\000e}{subsection.2.2}% 7
\BOOKMARK [3][-]{subsubsection.2.2.3}{\376\377\0002\000.\0002\000.\0003\000\040\000T\000e\000s\000t\000i\000n\000g\000\040\000O\000n\000e\000-\000l\000i\000n\000e\000r\000\040\000\050\000B\000a\000s\000h\000-\000o\000n\000l\000y\000\051}{subsection.2.2}% 8
\BOOKMARK [2][-]{subsection.2.3}{\376\377\0002\000.\0003\000\040\000H\000e\000l\000p\000\040\000F\000i\000l\000e\000s}{section.2}% 9
\BOOKMARK [2][-]{subsection.2.4}{\376\377\0002\000.\0004\000\040\000S\000a\000m\000p\000l\000e\000\040\000F\000i\000l\000e\000s}{section.2}% 10
\BOOKMARK [2][-]{subsection.2.5}{\376\377\0002\000.\0005\000\040\000I\000n\000s\000t\000a\000l\000l\000/\000U\000n\000i\000n\000s\000t\000a\000l\000l}{section.2}% 11
\BOOKMARK [1][-]{section.3}{\376\377\0003\000\040\000K\000D\000E\0004\000\040\000T\000h\000u\000m\000b\000n\000a\000i\000l\000e\000r}{}% 12
\BOOKMARK [1][-]{section.4}{\376\377\0004\000\040\000T\000o\000d\000o\000\040\000L\000i\000s\000t}{}% 13
\BOOKMARK [1][-]{section.5}{\376\377\0005\000\040\000H\000i\000e\000r\000a\000r\000c\000h\000i\000c\000a\000l\000\040\000I\000n\000d\000e\000x}{}% 14
\BOOKMARK [2][-]{subsection.5.1}{\376\377\0005\000.\0001\000\040\000C\000l\000a\000s\000s\000\040\000H\000i\000e\000r\000a\000r\000c\000h\000y}{section.5}% 15
\BOOKMARK [1][-]{section.6}{\376\377\0006\000\040\000D\000a\000t\000a\000\040\000S\000t\000r\000u\000c\000t\000u\000r\000e\000\040\000I\000n\000d\000e\000x}{}% 16
\BOOKMARK [2][-]{subsection.6.1}{\376\377\0006\000.\0001\000\040\000D\000a\000t\000a\000\040\000S\000t\000r\000u\000c\000t\000u\000r\000e\000s}{section.6}% 17
\BOOKMARK [1][-]{section.7}{\376\377\0007\000\040\000F\000i\000l\000e\000\040\000I\000n\000d\000e\000x}{}% 18
\BOOKMARK [2][-]{subsection.7.1}{\376\377\0007\000.\0001\000\040\000F\000i\000l\000e\000\040\000L\000i\000s\000t}{section.7}% 19
\BOOKMARK [1][-]{section.8}{\376\377\0008\000\040\000D\000a\000t\000a\000\040\000S\000t\000r\000u\000c\000t\000u\000r\000e\000\040\000D\000o\000c\000u\000m\000e\000n\000t\000a\000t\000i\000o\000n}{}% 20
\BOOKMARK [2][-]{subsection.8.1}{\376\377\0008\000.\0001\000\040\000A\000p\000p\000l\000i\000c\000a\000t\000i\000o\000n\000\040\000C\000l\000a\000s\000s\000\040\000R\000e\000f\000e\000r\000e\000n\000c\000e}{section.8}% 21
\BOOKMARK [2][-]{subsection.8.2}{\376\377\0008\000.\0002\000\040\000B\000u\000t\000t\000o\000n\000\137\000\040\000S\000t\000r\000u\000c\000t\000\040\000R\000e\000f\000e\000r\000e\000n\000c\000e}{section.8}% 22
\BOOKMARK [2][-]{subsection.8.3}{\376\377\0008\000.\0003\000\040\000C\000m\000d\000P\000r\000o\000m\000p\000t\000I\000n\000p\000u\000t\000\040\000C\000l\000a\000s\000s\000\040\000R\000e\000f\000e\000r\000e\000n\000c\000e}{section.8}% 23
\BOOKMARK [2][-]{subsection.8.4}{\376\377\0008\000.\0004\000\040\000C\000o\000m\000m\000a\000n\000d\000D\000a\000t\000a\000\137\000\040\000S\000t\000r\000u\000c\000t\000\040\000R\000e\000f\000e\000r\000e\000n\000c\000e}{section.8}% 24
\BOOKMARK [2][-]{subsection.8.5}{\376\377\0008\000.\0005\000\040\000D\000o\000c\000u\000m\000e\000n\000t\000\040\000C\000l\000a\000s\000s\000\040\000R\000e\000f\000e\000r\000e\000n\000c\000e}{section.8}% 25
\BOOKMARK [2][-]{subsection.8.6}{\376\377\0008\000.\0006\000\040\000D\000o\000c\000u\000m\000e\000n\000t\000D\000a\000t\000a\000\137\000\040\000S\000t\000r\000u\000c\000t\000\040\000R\000e\000f\000e\000r\000e\000n\000c\000e}{section.8}% 26
\BOOKMARK [2][-]{subsection.8.7}{\376\377\0008\000.\0007\000\040\000E\000m\000b\000r\000o\000i\000d\000e\000r\000y\000T\000h\000u\000m\000b\000n\000a\000i\000l\000e\000r\000\040\000C\000l\000a\000s\000s\000\040\000R\000e\000f\000e\000r\000e\000n\000c\000e}{section.8}% 27
\BOOKMARK [2][-]{subsection.8.8}{\376\377\0008\000.\0008\000\040\000G\000r\000o\000u\000p\000B\000o\000x\000D\000a\000t\000a\000\137\000\040\000S\000t\000r\000u\000c\000t\000\040\000R\000e\000f\000e\000r\000e\000n\000c\000e}{section.8}% 28
\BOOKMARK [2][-]{subsection.8.9}{\376\377\0008\000.\0009\000\040\000L\000a\000y\000e\000r\000D\000a\000t\000a\000\137\000\040\000S\000t\000r\000u\000c\000t\000\040\000R\000e\000f\000e\000r\000e\000n\000c\000e}{section.8}% 29
\BOOKMARK [2][-]{subsection.8.10}{\376\377\0008\000.\0001\0000\000\040\000L\000a\000y\000e\000r\000M\000a\000n\000a\000g\000e\000r\000\040\000C\000l\000a\000s\000s\000\040\000R\000e\000f\000e\000r\000e\000n\000c\000e}{section.8}% 30
\BOOKMARK [2][-]{subsection.8.11}{\376\377\0008\000.\0001\0001\000\040\000M\000a\000i\000n\000W\000i\000n\000d\000o\000w\000\040\000C\000l\000a\000s\000s\000\040\000R\000e\000f\000e\000r\000e\000n\000c\000e}{section.8}% 31
\BOOKMARK [2][-]{subsection.8.12}{\376\377\0008\000.\0001\0002\000\040\000M\000d\000i\000A\000r\000e\000a\000\040\000C\000l\000a\000s\000s\000\040\000R\000e\000f\000e\000r\000e\000n\000c\000e}{section.8}% 32
\BOOKMARK [2][-]{subsection.8.13}{\376\377\0008\000.\0001\0003\000\040\000M\000d\000i\000W\000i\000n\000d\000o\000w\000\040\000C\000l\000a\000s\000s\000\040\000R\000e\000f\000e\000r\000e\000n\000c\000e}{section.8}% 33
\BOOKMARK [2][-]{subsection.8.14}{\376\377\0008\000.\0001\0004\000\040\000O\000b\000j\000e\000c\000t\000\040\000C\000l\000a\000s\000s\000\040\000R\000e\000f\000e\000r\000e\000n\000c\000e}{section.8}% 34
\BOOKMARK [2][-]{subsection.8.15}{\376\377\0008\000.\0001\0005\000\040\000O\000b\000j\000e\000c\000t\000C\000o\000r\000e\000\137\000\040\000S\000t\000r\000u\000c\000t\000\040\000R\000e\000f\000e\000r\000e\000n\000c\000e}{section.8}% 35
\BOOKMARK [2][-]{subsection.8.16}{\376\377\0008\000.\0001\0006\000\040\000P\000r\000o\000p\000e\000r\000t\000y\000E\000d\000i\000t\000o\000r\000\040\000C\000l\000a\000s\000s\000\040\000R\000e\000f\000e\000r\000e\000n\000c\000e}{section.8}% 36
\BOOKMARK [2][-]{subsection.8.17}{\376\377\0008\000.\0001\0007\000\040\000Q\000T\000\137\000W\000A\000R\000N\000I\000N\000G\000\137\000D\000I\000S\000A\000B\000L\000E\000\137\000D\000E\000P\000R\000E\000C\000A\000T\000E\000D\000:\000:\000q\000t\000\137\000m\000e\000t\000a\000\137\000s\000t\000r\000i\000n\000g\000d\000a\000t\000a\000\137\000S\000e\000l\000e\000c\000t\000B\000o\000x\000\137\000t\000\040\000S\000t\000r\000u\000c\000t\000\040\000R\000e\000f\000e\000r\000e\000n\000c\000e}{section.8}% 37
\BOOKMARK [2][-]{subsection.8.18}{\376\377\0008\000.\0001\0008\000\040\000S\000e\000l\000e\000c\000t\000B\000o\000x\000\040\000C\000l\000a\000s\000s\000\040\000R\000e\000f\000e\000r\000e\000n\000c\000e}{section.8}% 38
\BOOKMARK [2][-]{subsection.8.19}{\376\377\0008\000.\0001\0009\000\040\000S\000e\000t\000t\000i\000n\000g\000\137\000\040\000S\000t\000r\000u\000c\000t\000\040\000R\000e\000f\000e\000r\000e\000n\000c\000e}{section.8}% 39
\BOOKMARK [2][-]{subsection.8.20}{\376\377\0008\000.\0002\0000\000\040\000T\000a\000b\000\137\000\040\000S\000t\000r\000u\000c\000t\000\040\000R\000e\000f\000e\000r\000e\000n\000c\000e}{section.8}% 40
\BOOKMARK [2][-]{subsection.8.21}{\376\377\0008\000.\0002\0001\000\040\000T\000r\000a\000n\000s\000l\000a\000t\000i\000o\000n\000\137\000\040\000S\000t\000r\000u\000c\000t\000\040\000R\000e\000f\000e\000r\000e\000n\000c\000e}{section.8}% 41
\BOOKMARK [2][-]{subsection.8.22}{\376\377\0008\000.\0002\0002\000\040\000U\000n\000d\000o\000a\000b\000l\000e\000C\000o\000m\000m\000a\000n\000d\000\040\000C\000l\000a\000s\000s\000\040\000R\000e\000f\000e\000r\000e\000n\000c\000e}{section.8}% 42
\BOOKMARK [2][-]{subsection.8.23}{\376\377\0008\000.\0002\0003\000\040\000U\000n\000d\000o\000D\000a\000t\000a\000\137\000\040\000S\000t\000r\000u\000c\000t\000\040\000R\000e\000f\000e\000r\000e\000n\000c\000e}{section.8}% 43
\BOOKMARK [2][-]{subsection.8.24}{\376\377\0008\000.\0002\0004\000\040\000U\000n\000d\000o\000E\000d\000i\000t\000o\000r\000\040\000C\000l\000a\000s\000s\000\040\000R\000e\000f\000e\000r\000e\000n\000c\000e}{section.8}% 44
\BOOKMARK [2][-]{subsection.8.25}{\376\377\0008\000.\0002\0005\000\040\000V\000i\000e\000w\000D\000a\000t\000a\000\137\000\040\000S\000t\000r\000u\000c\000t\000\040\000R\000e\000f\000e\000r\000e\000n\000c\000e}{section.8}% 45
\BOOKMARK [3][-]{subsubsection.8.25.1}{\376\377\0008\000.\0002\0005\000.\0001\000\040\000D\000e\000t\000a\000i\000l\000e\000d\000\040\000D\000e\000s\000c\000r\000i\000p\000t\000i\000o\000n}{subsection.8.25}% 46
\BOOKMARK [3][-]{subsubsection.8.25.2}{\376\377\0008\000.\0002\0005\000.\0002\000\040\000F\000i\000e\000l\000d\000\040\000D\000o\000c\000u\000m\000e\000n\000t\000a\000t\000i\000o\000n}{subsection.8.25}% 47
\BOOKMARK [2][-]{subsection.8.26}{\376\377\0008\000.\0002\0006\000\040\000W\000i\000d\000g\000e\000t\000\137\000\040\000S\000t\000r\000u\000c\000t\000\040\000R\000e\000f\000e\000r\000e\000n\000c\000e}{section.8}% 48
\BOOKMARK [3][-]{subsubsection.8.26.1}{\376\377\0008\000.\0002\0006\000.\0001\000\040\000D\000e\000t\000a\000i\000l\000e\000d\000\040\000D\000e\000s\000c\000r\000i\000p\000t\000i\000o\000n}{subsection.8.26}% 49
\BOOKMARK [3][-]{subsubsection.8.26.2}{\376\377\0008\000.\0002\0006\000.\0002\000\040\000F\000i\000e\000l\000d\000\040\000D\000o\000c\000u\000m\000e\000n\000t\000a\000t\000i\000o\000n}{subsection.8.26}% 50
\BOOKMARK [2][-]{subsection.8.27}{\376\377\0008\000.\0002\0007\000\040\000W\000i\000d\000g\000e\000t\000D\000a\000t\000a\000\137\000\040\000S\000t\000r\000u\000c\000t\000\040\000R\000e\000f\000e\000r\000e\000n\000c\000e}{section.8}% 51
\BOOKMARK [3][-]{subsubsection.8.27.1}{\376\377\0008\000.\0002\0007\000.\0001\000\040\000D\000e\000t\000a\000i\000l\000e\000d\000\040\000D\000e\000s\000c\000r\000i\000p\000t\000i\000o\000n}{subsection.8.27}% 52
\BOOKMARK [3][-]{subsubsection.8.27.2}{\376\377\0008\000.\0002\0007\000.\0002\000\040\000F\000i\000e\000l\000d\000\040\000D\000o\000c\000u\000m\000e\000n\000t\000a\000t\000i\000o\000n}{subsection.8.27}% 53
\BOOKMARK [2][-]{subsection.8.28}{\376\377\0008\000.\0002\0008\000\040\000W\000i\000d\000g\000e\000t\000D\000e\000s\000c\000\137\000\040\000S\000t\000r\000u\000c\000t\000\040\000R\000e\000f\000e\000r\000e\000n\000c\000e}{section.8}% 54
\BOOKMARK [1][-]{section.9}{\376\377\0009\000\040\000F\000i\000l\000e\000\040\000D\000o\000c\000u\000m\000e\000n\000t\000a\000t\000i\000o\000n}{}% 55
\BOOKMARK [2][-]{subsection.9.1}{\376\377\0009\000.\0001\000\040\000m\000o\000c\000\137\000p\000r\000e\000d\000e\000f\000s\000.\000h}{section.9}% 56
\BOOKMARK [2][-]{subsection.9.2}{\376\377\0009\000.\0002\000\040\000c\000o\000r\000e\000.\000h}{section.9}% 57
\BOOKMARK [2][-]{subsection.9.3}{\376\377\0009\000.\0003\000\040\000s\000r\000c\000/\000i\000n\000t\000e\000r\000f\000a\000c\000e\000.\000c\000\040\000F\000i\000l\000e\000\040\000R\000e\000f\000e\000r\000e\000n\000c\000e}{section.9}% 58
\BOOKMARK [3][-]{subsubsection.9.3.1}{\376\377\0009\000.\0003\000.\0001\000\040\000D\000e\000t\000a\000i\000l\000e\000d\000\040\000D\000e\000s\000c\000r\000i\000p\000t\000i\000o\000n}{subsection.9.3}% 59
\BOOKMARK [3][-]{subsubsection.9.3.2}{\376\377\0009\000.\0003\000.\0002\000\040\000V\000a\000r\000i\000a\000b\000l\000e\000\040\000D\000o\000c\000u\000m\000e\000n\000t\000a\000t\000i\000o\000n}{subsection.9.3}% 60
\BOOKMARK [2][-]{subsection.9.4}{\376\377\0009\000.\0004\000\040\000s\000r\000c\000/\000o\000b\000j\000e\000c\000t\000s\000.\000c\000\040\000F\000i\000l\000e\000\040\000R\000e\000f\000e\000r\000e\000n\000c\000e}{section.9}% 61
\BOOKMARK [3][-]{subsubsection.9.4.1}{\376\377\0009\000.\0004\000.\0001\000\040\000D\000e\000t\000a\000i\000l\000e\000d\000\040\000D\000e\000s\000c\000r\000i\000p\000t\000i\000o\000n}{subsection.9.4}% 62
\BOOKMARK [2][-]{subsection.9.5}{\376\377\0009\000.\0005\000\040\000s\000r\000c\000/\000q\000t\000.\000h\000\040\000F\000i\000l\000e\000\040\000R\000e\000f\000e\000r\000e\000n\000c\000e}{section.9}% 63
\BOOKMARK [3][-]{subsubsection.9.5.1}{\376\377\0009\000.\0005\000.\0001\000\040\000D\000e\000t\000a\000i\000l\000e\000d\000\040\000D\000e\000s\000c\000r\000i\000p\000t\000i\000o\000n}{subsection.9.5}% 64
\BOOKMARK [2][-]{subsection.9.6}{\376\377\0009\000.\0006\000\040\000q\000t\000.\000h}{section.9}% 65
\BOOKMARK [2][-]{subsection.9.7}{\376\377\0009\000.\0007\000\040\000s\000r\000c\000/\000s\000t\000a\000t\000e\000.\000c\000\040\000F\000i\000l\000e\000\040\000R\000e\000f\000e\000r\000e\000n\000c\000e}{section.9}% 66
\BOOKMARK [3][-]{subsubsection.9.7.1}{\376\377\0009\000.\0007\000.\0001\000\040\000D\000e\000t\000a\000i\000l\000e\000d\000\040\000D\000e\000s\000c\000r\000i\000p\000t\000i\000o\000n}{subsection.9.7}% 67
\BOOKMARK [3][-]{subsubsection.9.7.2}{\376\377\0009\000.\0007\000.\0002\000\040\000F\000u\000n\000c\000t\000i\000o\000n\000\040\000D\000o\000c\000u\000m\000e\000n\000t\000a\000t\000i\000o\000n}{subsection.9.7}% 68
\BOOKMARK [3][-]{subsubsection.9.7.3}{\376\377\0009\000.\0007\000.\0003\000\040\000V\000a\000r\000i\000a\000b\000l\000e\000\040\000D\000o\000c\000u\000m\000e\000n\000t\000a\000t\000i\000o\000n}{subsection.9.7}% 69
\BOOKMARK [2][-]{subsection.9.8}{\376\377\0009\000.\0008\000\040\000l\000i\000b\000e\000m\000b\000r\000o\000i\000d\000e\000r\000y\000-\000t\000h\000u\000m\000b\000n\000a\000i\000l\000e\000r\000-\000k\000d\000e\0004\000.\000h}{section.9}% 70
\BOOKMARK [1][-]{section*.74}{\376\377\000I\000n\000d\000e\000x}{}% 71
