\BOOKMARK [1][-]{section.1}{\376\377\0001\000\040\000C\000o\000n\000t\000r\000i\000b\000u\000t\000o\000r\000\040\000C\000o\000v\000e\000n\000a\000n\000t\000\040\000C\000o\000d\000e\000\040\000o\000f\000\040\000C\000o\000n\000d\000u\000c\000t}{}% 1
\BOOKMARK [2][-]{subsection.1.1}{\376\377\0001\000.\0001\000\040\000O\000u\000r\000\040\000P\000l\000e\000d\000g\000e}{section.1}% 2
\BOOKMARK [2][-]{subsection.1.2}{\376\377\0001\000.\0002\000\040\000O\000u\000r\000\040\000S\000t\000a\000n\000d\000a\000r\000d\000s}{section.1}% 3
\BOOKMARK [2][-]{subsection.1.3}{\376\377\0001\000.\0003\000\040\000E\000n\000f\000o\000r\000c\000e\000m\000e\000n\000t\000\040\000R\000e\000s\000p\000o\000n\000s\000i\000b\000i\000l\000i\000t\000i\000e\000s}{section.1}% 4
\BOOKMARK [2][-]{subsection.1.4}{\376\377\0001\000.\0004\000\040\000S\000c\000o\000p\000e}{section.1}% 5
\BOOKMARK [2][-]{subsection.1.5}{\376\377\0001\000.\0005\000\040\000E\000n\000f\000o\000r\000c\000e\000m\000e\000n\000t}{section.1}% 6
\BOOKMARK [2][-]{subsection.1.6}{\376\377\0001\000.\0006\000\040\000E\000n\000f\000o\000r\000c\000e\000m\000e\000n\000t\000\040\000G\000u\000i\000d\000e\000l\000i\000n\000e\000s}{section.1}% 7
\BOOKMARK [3][-]{subsubsection.1.6.1}{\376\377\0001\000.\0006\000.\0001\000\040\0001\000.\000\040\000C\000o\000r\000r\000e\000c\000t\000i\000o\000n}{subsection.1.6}% 8
\BOOKMARK [3][-]{subsubsection.1.6.2}{\376\377\0001\000.\0006\000.\0002\000\040\0002\000.\000\040\000W\000a\000r\000n\000i\000n\000g}{subsection.1.6}% 9
\BOOKMARK [3][-]{subsubsection.1.6.3}{\376\377\0001\000.\0006\000.\0003\000\040\0003\000.\000\040\000T\000e\000m\000p\000o\000r\000a\000r\000y\000\040\000B\000a\000n}{subsection.1.6}% 10
\BOOKMARK [3][-]{subsubsection.1.6.4}{\376\377\0001\000.\0006\000.\0004\000\040\0004\000.\000\040\000P\000e\000r\000m\000a\000n\000e\000n\000t\000\040\000B\000a\000n}{subsection.1.6}% 11
\BOOKMARK [2][-]{subsection.1.7}{\376\377\0001\000.\0007\000\040\000A\000t\000t\000r\000i\000b\000u\000t\000i\000o\000n}{section.1}% 12
\BOOKMARK [1][-]{section.2}{\376\377\0002\000\040\000C\000o\000n\000t\000r\000i\000b\000u\000t\000o\000r\000\040\000C\000o\000v\000e\000n\000a\000n\000t\000\040\000C\000o\000d\000e\000\040\000o\000f\000\040\000C\000o\000n\000d\000u\000c\000t}{}% 13
\BOOKMARK [2][-]{subsection.2.1}{\376\377\0002\000.\0001\000\040\000O\000u\000r\000\040\000P\000l\000e\000d\000g\000e}{section.2}% 14
\BOOKMARK [2][-]{subsection.2.2}{\376\377\0002\000.\0002\000\040\000O\000u\000r\000\040\000S\000t\000a\000n\000d\000a\000r\000d\000s}{section.2}% 15
\BOOKMARK [2][-]{subsection.2.3}{\376\377\0002\000.\0003\000\040\000E\000n\000f\000o\000r\000c\000e\000m\000e\000n\000t\000\040\000R\000e\000s\000p\000o\000n\000s\000i\000b\000i\000l\000i\000t\000i\000e\000s}{section.2}% 16
\BOOKMARK [2][-]{subsection.2.4}{\376\377\0002\000.\0004\000\040\000S\000c\000o\000p\000e}{section.2}% 17
\BOOKMARK [2][-]{subsection.2.5}{\376\377\0002\000.\0005\000\040\000E\000n\000f\000o\000r\000c\000e\000m\000e\000n\000t}{section.2}% 18
\BOOKMARK [2][-]{subsection.2.6}{\376\377\0002\000.\0006\000\040\000E\000n\000f\000o\000r\000c\000e\000m\000e\000n\000t\000\040\000G\000u\000i\000d\000e\000l\000i\000n\000e\000s}{section.2}% 19
\BOOKMARK [3][-]{subsubsection.2.6.1}{\376\377\0002\000.\0006\000.\0001\000\040\0001\000.\000\040\000C\000o\000r\000r\000e\000c\000t\000i\000o\000n}{subsection.2.6}% 20
\BOOKMARK [3][-]{subsubsection.2.6.2}{\376\377\0002\000.\0006\000.\0002\000\040\0002\000.\000\040\000W\000a\000r\000n\000i\000n\000g}{subsection.2.6}% 21
\BOOKMARK [3][-]{subsubsection.2.6.3}{\376\377\0002\000.\0006\000.\0003\000\040\0003\000.\000\040\000T\000e\000m\000p\000o\000r\000a\000r\000y\000\040\000B\000a\000n}{subsection.2.6}% 22
\BOOKMARK [3][-]{subsubsection.2.6.4}{\376\377\0002\000.\0006\000.\0004\000\040\0004\000.\000\040\000P\000e\000r\000m\000a\000n\000e\000n\000t\000\040\000B\000a\000n}{subsection.2.6}% 23
\BOOKMARK [2][-]{subsection.2.7}{\376\377\0002\000.\0007\000\040\000A\000t\000t\000r\000i\000b\000u\000t\000i\000o\000n}{section.2}% 24
\BOOKMARK [1][-]{section.3}{\376\377\0003\000\040\000s\000o\000u\000r\000c\000e\000-\000c\000o\000d\000e\000-\000p\000r\000o\000-\000l\000i\000c\000e\000n\000s\000e}{}% 25
\BOOKMARK [2][-]{subsubsection.3.0.1}{\376\377\0003\000.\0000\000.\0001\000\040\000S\000I\000L\000\040\000O\000P\000E\000N\000\040\000F\000O\000N\000T\000\040\000L\000I\000C\000E\000N\000S\000E\000\040\000V\000e\000r\000s\000i\000o\000n\000\040\0001\000.\0001\000\040\000-\000\040\0002\0006\000\040\000F\000e\000b\000r\000u\000a\000r\000y\000\040\0002\0000\0000\0007}{section.3}% 26
\BOOKMARK [1][-]{section.4}{\376\377\0004\000\040\000S\000o\000u\000r\000c\000e\000\040\000C\000o\000d\000e\000\040\000P\000r\000o}{}% 27
\BOOKMARK [2][-]{subsection.4.1}{\376\377\0004\000.\0001\000\040\000O\000p\000e\000n\000\040\000s\000o\000u\000r\000c\000e\000\040\000f\000i\000l\000e\000s}{section.4}% 28
\BOOKMARK [2][-]{subsection.4.2}{\376\377\0004\000.\0002\000\040\000G\000e\000t\000t\000i\000n\000g\000\040\000i\000n\000v\000o\000l\000v\000e\000d}{section.4}% 29
\BOOKMARK [2][-]{subsection.4.3}{\376\377\0004\000.\0003\000\040\000R\000e\000l\000e\000a\000s\000e\000s}{section.4}% 30
\BOOKMARK [1][-]{section.5}{\376\377\0005\000\040\000s\000o\000u\000r\000c\000e\000-\000s\000a\000n\000s\000-\000l\000i\000c\000e\000n\000s\000e}{}% 31
\BOOKMARK [2][-]{subsubsection.5.0.1}{\376\377\0005\000.\0000\000.\0001\000\040\000S\000I\000L\000\040\000O\000P\000E\000N\000\040\000F\000O\000N\000T\000\040\000L\000I\000C\000E\000N\000S\000E\000\040\000V\000e\000r\000s\000i\000o\000n\000\040\0001\000.\0001\000\040\000-\000\040\0002\0006\000\040\000F\000e\000b\000r\000u\000a\000r\000y\000\040\0002\0000\0000\0007}{section.5}% 32
\BOOKMARK [1][-]{section.6}{\376\377\0006\000\040\000S\000o\000u\000r\000c\000e\000\040\000S\000a\000n\000s\000\040\0003}{}% 33
\BOOKMARK [2][-]{subsection.6.1}{\376\377\0006\000.\0001\000\040\000O\000p\000e\000n\000\040\000s\000o\000u\000r\000c\000e\000\040\000f\000i\000l\000e\000s}{section.6}% 34
\BOOKMARK [2][-]{subsection.6.2}{\376\377\0006\000.\0002\000\040\000G\000e\000t\000t\000i\000n\000g\000\040\000i\000n\000v\000o\000l\000v\000e\000d}{section.6}% 35
\BOOKMARK [2][-]{subsection.6.3}{\376\377\0006\000.\0003\000\040\000R\000e\000l\000e\000a\000s\000e\000s}{section.6}% 36
\BOOKMARK [1][-]{section.7}{\376\377\0007\000\040\000P\000h\000o\000t\000o\000g\000r\000a\000p\000h\000s}{}% 37
\BOOKMARK [1][-]{section.8}{\376\377\0008\000\040\000G\000N\000U\000\040\000F\000r\000e\000e\000\040\000D\000o\000c\000u\000m\000e\000n\000t\000a\000t\000i\000o\000n\000\040\000L\000i\000c\000e\000n\000s\000e}{}% 38
\BOOKMARK [2][-]{subsection.8.1}{\376\377\0008\000.\0001\000\040\0000\000.\000\040\000P\000R\000E\000A\000M\000B\000L\000E}{section.8}% 39
\BOOKMARK [2][-]{subsection.8.2}{\376\377\0008\000.\0002\000\040\0001\000.\000\040\000A\000P\000P\000L\000I\000C\000A\000B\000I\000L\000I\000T\000Y\000\040\000A\000N\000D\000\040\000D\000E\000F\000I\000N\000I\000T\000I\000O\000N\000S}{section.8}% 40
\BOOKMARK [2][-]{subsection.8.3}{\376\377\0008\000.\0003\000\040\0002\000.\000\040\000V\000E\000R\000B\000A\000T\000I\000M\000\040\000C\000O\000P\000Y\000I\000N\000G}{section.8}% 41
\BOOKMARK [2][-]{subsection.8.4}{\376\377\0008\000.\0004\000\040\0003\000.\000\040\000C\000O\000P\000Y\000I\000N\000G\000\040\000I\000N\000\040\000Q\000U\000A\000N\000T\000I\000T\000Y}{section.8}% 42
\BOOKMARK [2][-]{subsection.8.5}{\376\377\0008\000.\0005\000\040\0004\000.\000\040\000M\000O\000D\000I\000F\000I\000C\000A\000T\000I\000O\000N\000S}{section.8}% 43
\BOOKMARK [2][-]{subsection.8.6}{\376\377\0008\000.\0006\000\040\0005\000.\000\040\000C\000O\000M\000B\000I\000N\000I\000N\000G\000\040\000D\000O\000C\000U\000M\000E\000N\000T\000S}{section.8}% 44
\BOOKMARK [2][-]{subsection.8.7}{\376\377\0008\000.\0007\000\040\0006\000.\000\040\000C\000O\000L\000L\000E\000C\000T\000I\000O\000N\000S\000\040\000O\000F\000\040\000D\000O\000C\000U\000M\000E\000N\000T\000S}{section.8}% 45
\BOOKMARK [2][-]{subsection.8.8}{\376\377\0008\000.\0008\000\040\0007\000.\000\040\000A\000G\000G\000R\000E\000G\000A\000T\000I\000O\000N\000\040\000W\000I\000T\000H\000\040\000I\000N\000D\000E\000P\000E\000N\000D\000E\000N\000T\000\040\000W\000O\000R\000K\000S}{section.8}% 46
\BOOKMARK [2][-]{subsection.8.9}{\376\377\0008\000.\0009\000\040\0008\000.\000\040\000T\000R\000A\000N\000S\000L\000A\000T\000I\000O\000N}{section.8}% 47
\BOOKMARK [2][-]{subsection.8.10}{\376\377\0008\000.\0001\0000\000\040\0009\000.\000\040\000T\000E\000R\000M\000I\000N\000A\000T\000I\000O\000N}{section.8}% 48
\BOOKMARK [2][-]{subsection.8.11}{\376\377\0008\000.\0001\0001\000\040\0001\0000\000.\000\040\000F\000U\000T\000U\000R\000E\000\040\000R\000E\000V\000I\000S\000I\000O\000N\000S\000\040\000O\000F\000\040\000T\000H\000I\000S\000\040\000L\000I\000C\000E\000N\000S\000E}{section.8}% 49
\BOOKMARK [2][-]{subsection.8.12}{\376\377\0008\000.\0001\0002\000\040\0001\0001\000.\000\040\000R\000E\000L\000I\000C\000E\000N\000S\000I\000N\000G}{section.8}% 50
\BOOKMARK [2][-]{subsection.8.13}{\376\377\0008\000.\0001\0003\000\040\000A\000D\000D\000E\000N\000D\000U\000M\000:\000\040\000H\000o\000w\000\040\000t\000o\000\040\000u\000s\000e\000\040\000t\000h\000i\000s\000\040\000L\000i\000c\000e\000n\000s\000e\000\040\000f\000o\000r\000\040\000y\000o\000u\000r\000\040\000d\000o\000c\000u\000m\000e\000n\000t\000s}{section.8}% 51
\BOOKMARK [1][-]{section.9}{\376\377\0009\000\040\000P\000r\000i\000v\000a\000c\000y\000\040\000P\000o\000l\000i\000c\000y\000\040\000f\000o\000r\000\040\000E\000m\000b\000r\000o\000i\000d\000e\000r\000y\000\040\000V\000i\000e\000w\000e\000r}{}% 52
\BOOKMARK [2][-]{subsubsection.9.0.1}{\376\377\0009\000.\0000\000.\0001\000\040\000C\000O\000N\000T\000A\000C\000T\000\040\000U\000S}{section.9}% 53
\BOOKMARK [1][-]{section.10}{\376\377\0001\0000\000\040\000E\000m\000b\000r\000o\000i\000d\000e\000r\000m\000o\000d\000d\000e\000r\000\040\000U\000s\000e\000r\000\040\000M\000a\000n\000u\000a\000l}{}% 54
\BOOKMARK [1][-]{section.11}{\376\377\0001\0001\000\040\000T\000e\000s\000t\000\040\000D\000e\000s\000i\000g\000n\000s}{}% 55
\BOOKMARK [2][-]{subsection.11.1}{\376\377\0001\0001\000.\0001\000\040\000W\000i\000s\000h\000l\000i\000s\000t}{section.11}% 56
\BOOKMARK [2][-]{subsection.11.2}{\376\377\0001\0001\000.\0002\000\040\000O\000n\000\040\000t\000h\000e\000\040\000o\000r\000i\000g\000i\000n\000a\000l\000\040\000t\000e\000s\000t\000\040\000d\000e\000s\000i\000g\000n\000s}{section.11}% 57
\BOOKMARK [2][-]{subsection.11.3}{\376\377\0001\0001\000.\0003\000\040\000E\000m\000b\000r\000o\000i\000d\000e\000r\000m\000o\000d\000d\000e\000r\000\040\000L\000o\000g\000o}{section.11}% 58
\BOOKMARK [2][-]{subsection.11.4}{\376\377\0001\0001\000.\0004\000\040\000S\000h\000a\000m\000r\000o\000c\000k\000i\000n}{section.11}% 59
\BOOKMARK [2][-]{subsection.11.5}{\376\377\0001\0001\000.\0005\000\040\000S\000p\000i\000r\000a\000l\000s}{section.11}% 60
\BOOKMARK [1][-]{section.12}{\376\377\0001\0002\000\040\000P\000r\000i\000v\000a\000c\000y\000\040\000P\000o\000l\000i\000c\000y\000\040\000f\000o\000r\000\040\000E\000m\000b\000r\000o\000i\000d\000e\000r\000y\000\040\000V\000i\000e\000w\000e\000r}{}% 61
\BOOKMARK [2][-]{subsubsection.12.0.1}{\376\377\0001\0002\000.\0000\000.\0001\000\040\000C\000O\000N\000T\000A\000C\000T\000\040\000U\000S}{section.12}% 62
\BOOKMARK [1][-]{section.13}{\376\377\0001\0003\000\040\000P\000h\000o\000t\000o\000g\000r\000a\000p\000h\000s}{}% 63
\BOOKMARK [1][-]{section.14}{\376\377\0001\0004\000\040\000G\000N\000U\000\040\000F\000r\000e\000e\000\040\000D\000o\000c\000u\000m\000e\000n\000t\000a\000t\000i\000o\000n\000\040\000L\000i\000c\000e\000n\000s\000e}{}% 64
\BOOKMARK [2][-]{subsection.14.1}{\376\377\0001\0004\000.\0001\000\040\0000\000.\000\040\000P\000R\000E\000A\000M\000B\000L\000E}{section.14}% 65
\BOOKMARK [2][-]{subsection.14.2}{\376\377\0001\0004\000.\0002\000\040\0001\000.\000\040\000A\000P\000P\000L\000I\000C\000A\000B\000I\000L\000I\000T\000Y\000\040\000A\000N\000D\000\040\000D\000E\000F\000I\000N\000I\000T\000I\000O\000N\000S}{section.14}% 66
\BOOKMARK [2][-]{subsection.14.3}{\376\377\0001\0004\000.\0003\000\040\0002\000.\000\040\000V\000E\000R\000B\000A\000T\000I\000M\000\040\000C\000O\000P\000Y\000I\000N\000G}{section.14}% 67
\BOOKMARK [2][-]{subsection.14.4}{\376\377\0001\0004\000.\0004\000\040\0003\000.\000\040\000C\000O\000P\000Y\000I\000N\000G\000\040\000I\000N\000\040\000Q\000U\000A\000N\000T\000I\000T\000Y}{section.14}% 68
\BOOKMARK [2][-]{subsection.14.5}{\376\377\0001\0004\000.\0005\000\040\0004\000.\000\040\000M\000O\000D\000I\000F\000I\000C\000A\000T\000I\000O\000N\000S}{section.14}% 69
\BOOKMARK [2][-]{subsection.14.6}{\376\377\0001\0004\000.\0006\000\040\0005\000.\000\040\000C\000O\000M\000B\000I\000N\000I\000N\000G\000\040\000D\000O\000C\000U\000M\000E\000N\000T\000S}{section.14}% 70
\BOOKMARK [2][-]{subsection.14.7}{\376\377\0001\0004\000.\0007\000\040\0006\000.\000\040\000C\000O\000L\000L\000E\000C\000T\000I\000O\000N\000S\000\040\000O\000F\000\040\000D\000O\000C\000U\000M\000E\000N\000T\000S}{section.14}% 71
\BOOKMARK [2][-]{subsection.14.8}{\376\377\0001\0004\000.\0008\000\040\0007\000.\000\040\000A\000G\000G\000R\000E\000G\000A\000T\000I\000O\000N\000\040\000W\000I\000T\000H\000\040\000I\000N\000D\000E\000P\000E\000N\000D\000E\000N\000T\000\040\000W\000O\000R\000K\000S}{section.14}% 72
\BOOKMARK [2][-]{subsection.14.9}{\376\377\0001\0004\000.\0009\000\040\0008\000.\000\040\000T\000R\000A\000N\000S\000L\000A\000T\000I\000O\000N}{section.14}% 73
\BOOKMARK [2][-]{subsection.14.10}{\376\377\0001\0004\000.\0001\0000\000\040\0009\000.\000\040\000T\000E\000R\000M\000I\000N\000A\000T\000I\000O\000N}{section.14}% 74
\BOOKMARK [2][-]{subsection.14.11}{\376\377\0001\0004\000.\0001\0001\000\040\0001\0000\000.\000\040\000F\000U\000T\000U\000R\000E\000\040\000R\000E\000V\000I\000S\000I\000O\000N\000S\000\040\000O\000F\000\040\000T\000H\000I\000S\000\040\000L\000I\000C\000E\000N\000S\000E}{section.14}% 75
\BOOKMARK [2][-]{subsection.14.12}{\376\377\0001\0004\000.\0001\0002\000\040\0001\0001\000.\000\040\000R\000E\000L\000I\000C\000E\000N\000S\000I\000N\000G}{section.14}% 76
\BOOKMARK [2][-]{subsection.14.13}{\376\377\0001\0004\000.\0001\0003\000\040\000A\000D\000D\000E\000N\000D\000U\000M\000:\000\040\000H\000o\000w\000\040\000t\000o\000\040\000u\000s\000e\000\040\000t\000h\000i\000s\000\040\000L\000i\000c\000e\000n\000s\000e\000\040\000f\000o\000r\000\040\000y\000o\000u\000r\000\040\000d\000o\000c\000u\000m\000e\000n\000t\000s}{section.14}% 77
\BOOKMARK [1][-]{section.15}{\376\377\0001\0005\000\040\000T\000h\000e\000\040\000E\000m\000b\000r\000o\000i\000d\000e\000r\000m\000o\000d\000d\000e\000r\000\040\000R\000e\000f\000e\000r\000e\000n\000c\000e\000\040\000M\000a\000n\000u\000a\000l}{}% 78
\BOOKMARK [2][-]{subsection.15.1}{\376\377\0001\0005\000.\0001\000\040\000B\000u\000i\000l\000d}{section.15}% 79
\BOOKMARK [3][-]{subsubsection.15.1.1}{\376\377\0001\0005\000.\0001\000.\0001\000\040\000D\000e\000p\000e\000n\000d\000e\000n\000c\000i\000e\000s\000\040\000o\000n\000\040\000U\000b\000u\000n\000t\000u}{subsection.15.1}% 80
\BOOKMARK [2][-]{subsection.15.2}{\376\377\0001\0005\000.\0002\000\040\000E\000x\000p\000e\000r\000i\000m\000e\000n\000t\000a\000l\000\040\000B\000u\000i\000l\000d}{section.15}% 81
\BOOKMARK [1][-]{section.16}{\376\377\0001\0006\000\040\000T\000e\000s\000t\000\040\000D\000e\000s\000i\000g\000n\000s}{}% 82
\BOOKMARK [1][-]{section.17}{\376\377\0001\0007\000\040\000z\000l\000i\000b\000/\000l\000i\000b\000p\000n\000g\000\040\000L\000i\000c\000e\000n\000s\000e}{}% 83
\BOOKMARK [1][-]{section.18}{\376\377\0001\0008\000\040\000W\000h\000a\000t\000\040\000i\000s\000\040\000E\000m\000b\000r\000o\000i\000d\000e\000r\000m\000o\000d\000d\000e\000r\000?}{}% 84
\BOOKMARK [2][-]{subsection.18.1}{\376\377\0001\0008\000.\0001\000\040\000D\000e\000p\000e\000n\000d\000e\000n\000c\000i\000e\000s}{section.18}% 85
\BOOKMARK [3][-]{subsubsection.18.1.1}{\376\377\0001\0008\000.\0001\000.\0001\000\040\000I\000n\000c\000l\000u\000d\000e\000d}{subsection.18.1}% 86
\BOOKMARK [2][-]{subsection.18.2}{\376\377\0001\0008\000.\0002\000\040\000B\000u\000i\000l\000d\000i\000n\000g}{section.18}% 87
\BOOKMARK [3][-]{subsubsection.18.2.1}{\376\377\0001\0008\000.\0002\000.\0001\000\040\000B\000u\000i\000l\000d\000i\000n\000g\000\040\000W\000i\000t\000h\000o\000u\000t\000\040\000B\000a\000s\000h}{subsection.18.2}% 88
\BOOKMARK [3][-]{subsubsection.18.2.2}{\376\377\0001\0008\000.\0002\000.\0002\000\040\000B\000u\000i\000l\000d\000i\000n\000g\000\040\000W\000i\000t\000h\000o\000u\000t\000\040\000C\000m\000a\000k\000e}{subsection.18.2}% 89
\BOOKMARK [3][-]{subsubsection.18.2.3}{\376\377\0001\0008\000.\0002\000.\0003\000\040\000T\000e\000s\000t\000i\000n\000g\000\040\000O\000n\000e\000-\000l\000i\000n\000e\000r\000\040\000\050\000B\000a\000s\000h\000-\000o\000n\000l\000y\000\051}{subsection.18.2}% 90
\BOOKMARK [2][-]{subsection.18.3}{\376\377\0001\0008\000.\0003\000\040\000H\000e\000l\000p\000\040\000F\000i\000l\000e\000s}{section.18}% 91
\BOOKMARK [2][-]{subsection.18.4}{\376\377\0001\0008\000.\0004\000\040\000S\000a\000m\000p\000l\000e\000\040\000F\000i\000l\000e\000s}{section.18}% 92
\BOOKMARK [2][-]{subsection.18.5}{\376\377\0001\0008\000.\0005\000\040\000I\000n\000s\000t\000a\000l\000l\000/\000U\000n\000i\000n\000s\000t\000a\000l\000l}{section.18}% 93
\BOOKMARK [1][-]{section.19}{\376\377\0001\0009\000\040\000K\000D\000E\0004\000\040\000T\000h\000u\000m\000b\000n\000a\000i\000l\000e\000r}{}% 94
\BOOKMARK [1][-]{section.20}{\376\377\0002\0000\000\040\000T\000o\000d\000o\000\040\000L\000i\000s\000t}{}% 95
\BOOKMARK [1][-]{section.21}{\376\377\0002\0001\000\040\000H\000i\000e\000r\000a\000r\000c\000h\000i\000c\000a\000l\000\040\000I\000n\000d\000e\000x}{}% 96
\BOOKMARK [2][-]{subsection.21.1}{\376\377\0002\0001\000.\0001\000\040\000C\000l\000a\000s\000s\000\040\000H\000i\000e\000r\000a\000r\000c\000h\000y}{section.21}% 97
\BOOKMARK [1][-]{section.22}{\376\377\0002\0002\000\040\000D\000a\000t\000a\000\040\000S\000t\000r\000u\000c\000t\000u\000r\000e\000\040\000I\000n\000d\000e\000x}{}% 98
\BOOKMARK [2][-]{subsection.22.1}{\376\377\0002\0002\000.\0001\000\040\000D\000a\000t\000a\000\040\000S\000t\000r\000u\000c\000t\000u\000r\000e\000s}{section.22}% 99
\BOOKMARK [1][-]{section.23}{\376\377\0002\0003\000\040\000F\000i\000l\000e\000\040\000I\000n\000d\000e\000x}{}% 100
\BOOKMARK [2][-]{subsection.23.1}{\376\377\0002\0003\000.\0001\000\040\000F\000i\000l\000e\000\040\000L\000i\000s\000t}{section.23}% 101
\BOOKMARK [1][-]{section.24}{\376\377\0002\0004\000\040\000D\000a\000t\000a\000\040\000S\000t\000r\000u\000c\000t\000u\000r\000e\000\040\000D\000o\000c\000u\000m\000e\000n\000t\000a\000t\000i\000o\000n}{}% 102
\BOOKMARK [2][-]{subsection.24.1}{\376\377\0002\0004\000.\0001\000\040\000A\000p\000p\000l\000i\000c\000a\000t\000i\000o\000n\000\040\000C\000l\000a\000s\000s\000\040\000R\000e\000f\000e\000r\000e\000n\000c\000e}{section.24}% 103
\BOOKMARK [2][-]{subsection.24.2}{\376\377\0002\0004\000.\0002\000\040\000B\000u\000t\000t\000o\000n\000\137\000\040\000S\000t\000r\000u\000c\000t\000\040\000R\000e\000f\000e\000r\000e\000n\000c\000e}{section.24}% 104
\BOOKMARK [2][-]{subsection.24.3}{\376\377\0002\0004\000.\0003\000\040\000C\000m\000d\000P\000r\000o\000m\000p\000t\000I\000n\000p\000u\000t\000\040\000C\000l\000a\000s\000s\000\040\000R\000e\000f\000e\000r\000e\000n\000c\000e}{section.24}% 105
\BOOKMARK [2][-]{subsection.24.4}{\376\377\0002\0004\000.\0004\000\040\000C\000o\000m\000m\000a\000n\000d\000D\000a\000t\000a\000\137\000\040\000S\000t\000r\000u\000c\000t\000\040\000R\000e\000f\000e\000r\000e\000n\000c\000e}{section.24}% 106
\BOOKMARK [2][-]{subsection.24.5}{\376\377\0002\0004\000.\0005\000\040\000D\000o\000c\000u\000m\000e\000n\000t\000\040\000C\000l\000a\000s\000s\000\040\000R\000e\000f\000e\000r\000e\000n\000c\000e}{section.24}% 107
\BOOKMARK [2][-]{subsection.24.6}{\376\377\0002\0004\000.\0006\000\040\000D\000o\000c\000u\000m\000e\000n\000t\000D\000a\000t\000a\000\137\000\040\000S\000t\000r\000u\000c\000t\000\040\000R\000e\000f\000e\000r\000e\000n\000c\000e}{section.24}% 108
\BOOKMARK [2][-]{subsection.24.7}{\376\377\0002\0004\000.\0007\000\040\000E\000m\000b\000r\000o\000i\000d\000e\000r\000y\000T\000h\000u\000m\000b\000n\000a\000i\000l\000e\000r\000\040\000C\000l\000a\000s\000s\000\040\000R\000e\000f\000e\000r\000e\000n\000c\000e}{section.24}% 109
\BOOKMARK [2][-]{subsection.24.8}{\376\377\0002\0004\000.\0008\000\040\000G\000r\000o\000u\000p\000B\000o\000x\000D\000a\000t\000a\000\137\000\040\000S\000t\000r\000u\000c\000t\000\040\000R\000e\000f\000e\000r\000e\000n\000c\000e}{section.24}% 110
\BOOKMARK [2][-]{subsection.24.9}{\376\377\0002\0004\000.\0009\000\040\000L\000a\000y\000e\000r\000D\000a\000t\000a\000\137\000\040\000S\000t\000r\000u\000c\000t\000\040\000R\000e\000f\000e\000r\000e\000n\000c\000e}{section.24}% 111
\BOOKMARK [2][-]{subsection.24.10}{\376\377\0002\0004\000.\0001\0000\000\040\000L\000a\000y\000e\000r\000M\000a\000n\000a\000g\000e\000r\000\040\000C\000l\000a\000s\000s\000\040\000R\000e\000f\000e\000r\000e\000n\000c\000e}{section.24}% 112
\BOOKMARK [2][-]{subsection.24.11}{\376\377\0002\0004\000.\0001\0001\000\040\000M\000a\000i\000n\000W\000i\000n\000d\000o\000w\000\040\000C\000l\000a\000s\000s\000\040\000R\000e\000f\000e\000r\000e\000n\000c\000e}{section.24}% 113
\BOOKMARK [2][-]{subsection.24.12}{\376\377\0002\0004\000.\0001\0002\000\040\000M\000d\000i\000A\000r\000e\000a\000\040\000C\000l\000a\000s\000s\000\040\000R\000e\000f\000e\000r\000e\000n\000c\000e}{section.24}% 114
\BOOKMARK [2][-]{subsection.24.13}{\376\377\0002\0004\000.\0001\0003\000\040\000M\000d\000i\000W\000i\000n\000d\000o\000w\000\040\000C\000l\000a\000s\000s\000\040\000R\000e\000f\000e\000r\000e\000n\000c\000e}{section.24}% 115
\BOOKMARK [2][-]{subsection.24.14}{\376\377\0002\0004\000.\0001\0004\000\040\000O\000b\000j\000e\000c\000t\000\040\000C\000l\000a\000s\000s\000\040\000R\000e\000f\000e\000r\000e\000n\000c\000e}{section.24}% 116
\BOOKMARK [2][-]{subsection.24.15}{\376\377\0002\0004\000.\0001\0005\000\040\000O\000b\000j\000e\000c\000t\000C\000o\000r\000e\000\137\000\040\000S\000t\000r\000u\000c\000t\000\040\000R\000e\000f\000e\000r\000e\000n\000c\000e}{section.24}% 117
\BOOKMARK [2][-]{subsection.24.16}{\376\377\0002\0004\000.\0001\0006\000\040\000P\000r\000o\000p\000e\000r\000t\000y\000E\000d\000i\000t\000o\000r\000\040\000C\000l\000a\000s\000s\000\040\000R\000e\000f\000e\000r\000e\000n\000c\000e}{section.24}% 118
\BOOKMARK [2][-]{subsection.24.17}{\376\377\0002\0004\000.\0001\0007\000\040\000S\000e\000l\000e\000c\000t\000B\000o\000x\000\040\000C\000l\000a\000s\000s\000\040\000R\000e\000f\000e\000r\000e\000n\000c\000e}{section.24}% 119
\BOOKMARK [2][-]{subsection.24.18}{\376\377\0002\0004\000.\0001\0008\000\040\000S\000e\000t\000t\000i\000n\000g\000\137\000\040\000S\000t\000r\000u\000c\000t\000\040\000R\000e\000f\000e\000r\000e\000n\000c\000e}{section.24}% 120
\BOOKMARK [2][-]{subsection.24.19}{\376\377\0002\0004\000.\0001\0009\000\040\000T\000a\000b\000\137\000\040\000S\000t\000r\000u\000c\000t\000\040\000R\000e\000f\000e\000r\000e\000n\000c\000e}{section.24}% 121
\BOOKMARK [2][-]{subsection.24.20}{\376\377\0002\0004\000.\0002\0000\000\040\000T\000r\000a\000n\000s\000l\000a\000t\000i\000o\000n\000\137\000\040\000S\000t\000r\000u\000c\000t\000\040\000R\000e\000f\000e\000r\000e\000n\000c\000e}{section.24}% 122
\BOOKMARK [2][-]{subsection.24.21}{\376\377\0002\0004\000.\0002\0001\000\040\000U\000n\000d\000o\000a\000b\000l\000e\000C\000o\000m\000m\000a\000n\000d\000\040\000C\000l\000a\000s\000s\000\040\000R\000e\000f\000e\000r\000e\000n\000c\000e}{section.24}% 123
\BOOKMARK [2][-]{subsection.24.22}{\376\377\0002\0004\000.\0002\0002\000\040\000U\000n\000d\000o\000D\000a\000t\000a\000\137\000\040\000S\000t\000r\000u\000c\000t\000\040\000R\000e\000f\000e\000r\000e\000n\000c\000e}{section.24}% 124
\BOOKMARK [2][-]{subsection.24.23}{\376\377\0002\0004\000.\0002\0003\000\040\000U\000n\000d\000o\000E\000d\000i\000t\000o\000r\000\040\000C\000l\000a\000s\000s\000\040\000R\000e\000f\000e\000r\000e\000n\000c\000e}{section.24}% 125
\BOOKMARK [2][-]{subsection.24.24}{\376\377\0002\0004\000.\0002\0004\000\040\000V\000i\000e\000w\000D\000a\000t\000a\000\137\000\040\000S\000t\000r\000u\000c\000t\000\040\000R\000e\000f\000e\000r\000e\000n\000c\000e}{section.24}% 126
\BOOKMARK [3][-]{subsubsection.24.24.1}{\376\377\0002\0004\000.\0002\0004\000.\0001\000\040\000D\000e\000t\000a\000i\000l\000e\000d\000\040\000D\000e\000s\000c\000r\000i\000p\000t\000i\000o\000n}{subsection.24.24}% 127
\BOOKMARK [3][-]{subsubsection.24.24.2}{\376\377\0002\0004\000.\0002\0004\000.\0002\000\040\000F\000i\000e\000l\000d\000\040\000D\000o\000c\000u\000m\000e\000n\000t\000a\000t\000i\000o\000n}{subsection.24.24}% 128
\BOOKMARK [2][-]{subsection.24.25}{\376\377\0002\0004\000.\0002\0005\000\040\000W\000i\000d\000g\000e\000t\000\137\000\040\000S\000t\000r\000u\000c\000t\000\040\000R\000e\000f\000e\000r\000e\000n\000c\000e}{section.24}% 129
\BOOKMARK [3][-]{subsubsection.24.25.1}{\376\377\0002\0004\000.\0002\0005\000.\0001\000\040\000D\000e\000t\000a\000i\000l\000e\000d\000\040\000D\000e\000s\000c\000r\000i\000p\000t\000i\000o\000n}{subsection.24.25}% 130
\BOOKMARK [3][-]{subsubsection.24.25.2}{\376\377\0002\0004\000.\0002\0005\000.\0002\000\040\000F\000i\000e\000l\000d\000\040\000D\000o\000c\000u\000m\000e\000n\000t\000a\000t\000i\000o\000n}{subsection.24.25}% 131
\BOOKMARK [2][-]{subsection.24.26}{\376\377\0002\0004\000.\0002\0006\000\040\000W\000i\000d\000g\000e\000t\000D\000a\000t\000a\000\137\000\040\000S\000t\000r\000u\000c\000t\000\040\000R\000e\000f\000e\000r\000e\000n\000c\000e}{section.24}% 132
\BOOKMARK [3][-]{subsubsection.24.26.1}{\376\377\0002\0004\000.\0002\0006\000.\0001\000\040\000D\000e\000t\000a\000i\000l\000e\000d\000\040\000D\000e\000s\000c\000r\000i\000p\000t\000i\000o\000n}{subsection.24.26}% 133
\BOOKMARK [3][-]{subsubsection.24.26.2}{\376\377\0002\0004\000.\0002\0006\000.\0002\000\040\000F\000i\000e\000l\000d\000\040\000D\000o\000c\000u\000m\000e\000n\000t\000a\000t\000i\000o\000n}{subsection.24.26}% 134
\BOOKMARK [2][-]{subsection.24.27}{\376\377\0002\0004\000.\0002\0007\000\040\000W\000i\000d\000g\000e\000t\000D\000e\000s\000c\000\137\000\040\000S\000t\000r\000u\000c\000t\000\040\000R\000e\000f\000e\000r\000e\000n\000c\000e}{section.24}% 135
\BOOKMARK [1][-]{section.25}{\376\377\0002\0005\000\040\000F\000i\000l\000e\000\040\000D\000o\000c\000u\000m\000e\000n\000t\000a\000t\000i\000o\000n}{}% 136
\BOOKMARK [2][-]{subsection.25.1}{\376\377\0002\0005\000.\0001\000\040\000c\000o\000r\000e\000.\000h}{section.25}% 137
\BOOKMARK [2][-]{subsection.25.2}{\376\377\0002\0005\000.\0002\000\040\000s\000r\000c\000/\000i\000n\000t\000e\000r\000f\000a\000c\000e\000.\000c\000\040\000F\000i\000l\000e\000\040\000R\000e\000f\000e\000r\000e\000n\000c\000e}{section.25}% 138
\BOOKMARK [3][-]{subsubsection.25.2.1}{\376\377\0002\0005\000.\0002\000.\0001\000\040\000D\000e\000t\000a\000i\000l\000e\000d\000\040\000D\000e\000s\000c\000r\000i\000p\000t\000i\000o\000n}{subsection.25.2}% 139
\BOOKMARK [3][-]{subsubsection.25.2.2}{\376\377\0002\0005\000.\0002\000.\0002\000\040\000V\000a\000r\000i\000a\000b\000l\000e\000\040\000D\000o\000c\000u\000m\000e\000n\000t\000a\000t\000i\000o\000n}{subsection.25.2}% 140
\BOOKMARK [2][-]{subsection.25.3}{\376\377\0002\0005\000.\0003\000\040\000s\000r\000c\000/\000o\000b\000j\000e\000c\000t\000s\000.\000c\000\040\000F\000i\000l\000e\000\040\000R\000e\000f\000e\000r\000e\000n\000c\000e}{section.25}% 141
\BOOKMARK [3][-]{subsubsection.25.3.1}{\376\377\0002\0005\000.\0003\000.\0001\000\040\000D\000e\000t\000a\000i\000l\000e\000d\000\040\000D\000e\000s\000c\000r\000i\000p\000t\000i\000o\000n}{subsection.25.3}% 142
\BOOKMARK [2][-]{subsection.25.4}{\376\377\0002\0005\000.\0004\000\040\000s\000r\000c\000/\000q\000t\000.\000h\000\040\000F\000i\000l\000e\000\040\000R\000e\000f\000e\000r\000e\000n\000c\000e}{section.25}% 143
\BOOKMARK [3][-]{subsubsection.25.4.1}{\376\377\0002\0005\000.\0004\000.\0001\000\040\000D\000e\000t\000a\000i\000l\000e\000d\000\040\000D\000e\000s\000c\000r\000i\000p\000t\000i\000o\000n}{subsection.25.4}% 144
\BOOKMARK [2][-]{subsection.25.5}{\376\377\0002\0005\000.\0005\000\040\000q\000t\000.\000h}{section.25}% 145
\BOOKMARK [2][-]{subsection.25.6}{\376\377\0002\0005\000.\0006\000\040\000s\000r\000c\000/\000s\000t\000a\000t\000e\000.\000c\000\040\000F\000i\000l\000e\000\040\000R\000e\000f\000e\000r\000e\000n\000c\000e}{section.25}% 146
\BOOKMARK [3][-]{subsubsection.25.6.1}{\376\377\0002\0005\000.\0006\000.\0001\000\040\000D\000e\000t\000a\000i\000l\000e\000d\000\040\000D\000e\000s\000c\000r\000i\000p\000t\000i\000o\000n}{subsection.25.6}% 147
\BOOKMARK [3][-]{subsubsection.25.6.2}{\376\377\0002\0005\000.\0006\000.\0002\000\040\000F\000u\000n\000c\000t\000i\000o\000n\000\040\000D\000o\000c\000u\000m\000e\000n\000t\000a\000t\000i\000o\000n}{subsection.25.6}% 148
\BOOKMARK [3][-]{subsubsection.25.6.3}{\376\377\0002\0005\000.\0006\000.\0003\000\040\000V\000a\000r\000i\000a\000b\000l\000e\000\040\000D\000o\000c\000u\000m\000e\000n\000t\000a\000t\000i\000o\000n}{subsection.25.6}% 149
\BOOKMARK [2][-]{subsection.25.7}{\376\377\0002\0005\000.\0007\000\040\000l\000i\000b\000e\000m\000b\000r\000o\000i\000d\000e\000r\000y\000-\000t\000h\000u\000m\000b\000n\000a\000i\000l\000e\000r\000-\000k\000d\000e\0004\000.\000h}{section.25}% 150
\BOOKMARK [1][-]{section*.73}{\376\377\000I\000n\000d\000e\000x}{}% 151
